<?xml version="1.0" encoding="UTF-8"?>
<!-- Generated by org.testng.reporters.JUnitReportReporter -->
<testsuite hostname="DESKTOP-FCV789S" name="com.ordercreation.suite.StandAloneOrders.StandAloneGovOrders" tests="1" failures="0" timestamp="6 Sep 2019 05:05:41 GMT" time="0.001" errors="1">
  <testcase name="testCaseA1" time="0.001" classname="com.ordercreation.suite.StandAloneOrders.StandAloneGovOrders"/>
</testsuite> <!-- com.ordercreation.suite.StandAloneOrders.StandAloneGovOrders -->
